<?xml version="1.0" encoding="UTF-8"?>
<testsuite xmlns:xsi="http://www.w3.org/2001/XMLSchema-instance" xsi:noNamespaceSchemaLocation="https://maven.apache.org/surefire/maven-surefire-plugin/xsd/surefire-test-report-3.0.xsd" version="3.0" name="edu.school21.repositories.EmbeddedDataSourceTest" time="0.257" tests="1" errors="1" skipped="0" failures="0">
  <properties>
[...]
</properties>
  <testcase name="testConnection" classname="edu.school21.repositories.EmbeddedDataSourceTest" time="0.255">
    <error type="java.lang.NullPointerException"><![CDATA[java.lang.NullPointerException: Cannot invoke "javax.sql.DataSource.getConnection()" because "this.ds" is null
	at edu.school21.repositories.EmbeddedDataSourceTest.testConnection(EmbeddedDataSourceTest.java:25)
]]></error>
    <system-out><![CDATA[16:42:10.412 [main] INFO org.springframework.jdbc.datasource.embedded.EmbeddedDatabaseFactory - Starting embedded database: url='jdbc:hsqldb:mem:testdb', username='sa'
16:42:10.416 [main] DEBUG org.springframework.jdbc.datasource.DataSourceUtils - Fetching JDBC Connection from DataSource
16:42:10.416 [main] DEBUG org.springframework.jdbc.datasource.SimpleDriverDataSource - Creating new JDBC Driver Connection to [jdbc:hsqldb:mem:testdb]
16:42:10.589 [main] DEBUG org.springframework.jdbc.datasource.init.ScriptUtils - Executing SQL script from class path resource [schema.sql]
16:42:10.590 [main] DEBUG org.springframework.jdbc.datasource.init.ScriptUtils - 0 returned as update count for SQL: DROP TABLE IF EXISTS products CASCADE
16:42:10.591 [main] DEBUG org.springframework.jdbc.datasource.init.ScriptUtils - 0 returned as update count for SQL: CREATE TABLE products ( id INTEGER IDENTITY PRIMARY KEY, name VARCHAR(20) NOT NULL, price INTEGER )
16:42:10.591 [main] DEBUG org.springframework.jdbc.datasource.init.ScriptUtils - Executed SQL script from class path resource [schema.sql] in 2 ms.
16:42:10.591 [main] DEBUG org.springframework.jdbc.datasource.init.ScriptUtils - Executing SQL script from class path resource [data.sql]
16:42:10.591 [main] DEBUG org.springframework.jdbc.datasource.init.ScriptUtils - 1 returned as update count for SQL: INSERT INTO products (name, price) VALUES ('Apple iPhone 11', 49990)
16:42:10.592 [main] DEBUG org.springframework.jdbc.datasource.init.ScriptUtils - 1 returned as update count for SQL: INSERT INTO products (name, price) VALUES ('Apple MacBook Air M1', 112400)
16:42:10.592 [main] DEBUG org.springframework.jdbc.datasource.init.ScriptUtils - 1 returned as update count for SQL: INSERT INTO products (name, price) VALUES ('Apple AirPods Pro', 14999)
16:42:10.592 [main] DEBUG org.springframework.jdbc.datasource.init.ScriptUtils - 1 returned as update count for SQL: INSERT INTO products (name, price) VALUES ('Apple iPad Pro', 88250)
16:42:10.592 [main] DEBUG org.springframework.jdbc.datasource.init.ScriptUtils - 1 returned as update count for SQL: INSERT INTO products (name, price) VALUES ('Apple MHK23RU', 109999)
16:42:10.592 [main] DEBUG org.springframework.jdbc.datasource.init.ScriptUtils - Executed SQL script from class path resource [data.sql] in 1 ms.
]]></system-out>
  </testcase>
</testsuite>